<?xml version="1.0" encoding="UTF-8"?>
<!-- Generated by org.testng.reporters.JUnitReportReporter -->
<testsuite hostname="DESKTOP-OMV2D25" failures="0" tests="1" name="sqlTests.DataBaseTestCases" time="0.084" errors="0" timestamp="2023-10-26T17:53:04 IST" skipped="0">
  <testcase classname="sqlTests.DataBaseTestCases" name="tesFormaTable" time="0.084"/>
</testsuite> <!-- sqlTests.DataBaseTestCases -->
