<?xml version="1.0" encoding="UTF-8"?>
<!-- Generated by org.testng.reporters.JUnitReportReporter -->
<testsuite hostname="DESKTOP-V6ELO8R" failures="0" tests="1" name="baseTest.general" time="5.110" errors="0" timestamp="2023-11-25T23:43:28 IST" skipped="0">
  <testcase classname="baseTest.general" name="main" time="5.110"/>
</testsuite> <!-- baseTest.general -->
