<?xml version="1.0" encoding="UTF-8"?>
<!-- Generated by org.testng.reporters.JUnitReportReporter -->
<testsuite hostname="DESKTOP-OMV2D25" failures="0" tests="1" name="sqlTests.DBTestCases" time="0.170" errors="0" timestamp="2023-12-01T16:42:22 IST" skipped="0">
  <testcase classname="sqlTests.DBTestCases" name="testRowTable" time="0.170"/>
</testsuite> <!-- sqlTests.DBTestCases -->
