<?xml version="1.0" encoding="UTF-8"?>
<!-- Generated by org.testng.reporters.JUnitReportReporter -->
<testsuite hostname="DESKTOP-V6ELO8R" failures="0" tests="1" name="sqlTests.DBTests" time="0.063" errors="0" timestamp="2023-12-03T12:41:09 IST" skipped="0">
  <testcase classname="sqlTests.DBTests" name="getRowIDByITemName" time="0.063"/>
</testsuite> <!-- sqlTests.DBTests -->
