<?xml version="1.0" encoding="UTF-8"?>
<!-- Generated by org.testng.reporters.JUnitReportReporter -->
<testsuite hostname="DESKTOP-OMV2D25" failures="0" tests="1" name="dbQueries.DBQueries" time="0.015" errors="0" timestamp="2023-12-01T19:06:46 IST" skipped="0">
  <testcase classname="dbQueries.DBQueries" name="getItemRow" time="0.015"/>
</testsuite> <!-- dbQueries.DBQueries -->
