<?xml version="1.0" encoding="UTF-8"?>
<!-- Generated by org.testng.reporters.JUnitReportReporter -->
<testsuite hostname="DESKTOP-OMV2D25" failures="0" tests="1" name="sqlTests.DBTestCases" time="3.064" errors="0" timestamp="2023-11-29T18:50:24 IST" skipped="0">
  <testcase classname="sqlTests.DBTestCases" name="testRowTable" time="3.064"/>
</testsuite> <!-- sqlTests.DBTestCases -->
