<?xml version="1.0" encoding="UTF-8"?>
<!-- Generated by org.testng.reporters.JUnitReportReporter -->
<testsuite hostname="DESKTOP-OMV2D25" failures="0" tests="1" name="sqlTests.AppTest" time="0.009" errors="0" timestamp="2023-10-26T17:03:54 IST" skipped="0">
  <testcase classname="sqlTests.AppTest" name="test" time="0.009"/>
</testsuite> <!-- sqlTests.AppTest -->
