<?xml version="1.0" encoding="UTF-8"?>
<!-- Generated by org.testng.reporters.JUnitReportReporter -->
<testsuite hostname="DESKTOP-V6ELO8R" failures="0" tests="1" name="sqlTests.DBTestCases" time="0.394" errors="0" timestamp="2023-12-03T11:22:13 IST" skipped="0">
  <testcase classname="sqlTests.DBTestCases" name="testRowTable" time="0.394"/>
</testsuite> <!-- sqlTests.DBTestCases -->
