<?xml version="1.0" encoding="UTF-8"?>
<!-- Generated by org.testng.reporters.JUnitReportReporter -->
<testsuite hostname="DESKTOP-OMV2D25" failures="0" tests="1" name="sqlTests.DBTest" time="0.034" errors="0" timestamp="2023-12-06T18:42:38 IST" skipped="0">
  <testcase classname="sqlTests.DBTest" name="getRowIDByITemNameTest" time="0.034"/>
</testsuite> <!-- sqlTests.DBTest -->
