<?xml version="1.0" encoding="UTF-8"?>
<!-- Generated by org.testng.reporters.JUnitReportReporter -->
<testsuite hostname="DESKTOP-OMV2D25" failures="0" tests="4" name="sqlTests.DBTest" time="0.084" errors="0" timestamp="2023-12-04T19:02:08 IST" skipped="0">
  <testcase classname="sqlTests.DBTest" name="getCellIDByITemName" time="0.052"/>
  <testcase classname="sqlTests.DBTest" name="getnumberOfItemByCellID" time="0.007"/>
  <testcase classname="sqlTests.DBTest" name="getRowIDByITemName" time="0.013"/>
  <testcase classname="sqlTests.DBTest" name="getRowIDByITemNameTest" time="0.012"/>
</testsuite> <!-- sqlTests.DBTest -->
