<?xml version="1.0" encoding="UTF-8"?>
<!-- Generated by org.testng.reporters.JUnitReportReporter -->
<testsuite hostname="DESKTOP-OMV2D25" failures="0" tests="1" name="sqlTests.DataBaseTestCases" time="0.032" errors="0" timestamp="2023-10-31T18:45:41 IST" skipped="0">
  <testcase classname="sqlTests.DataBaseTestCases" name="testRowTable" time="0.032"/>
</testsuite> <!-- sqlTests.DataBaseTestCases -->
