<?xml version="1.0" encoding="UTF-8"?>
<!-- Generated by org.testng.reporters.JUnitReportReporter -->
<testsuite hostname="DESKTOP-V6ELO8R" failures="0" tests="1" name="sqlTests.DBTest" time="0.081" errors="0" timestamp="2023-12-03T23:42:17 IST" skipped="0">
  <testcase classname="sqlTests.DBTest" name="getCellIDByITemName" time="0.081"/>
</testsuite> <!-- sqlTests.DBTest -->
