<?xml version="1.0" encoding="UTF-8"?>
<!-- Generated by org.testng.reporters.JUnitReportReporter -->
<testsuite hostname="DESKTOP-V6ELO8R" failures="0" tests="4" name="sqlTests.DBTest" time="0.128" errors="0" timestamp="2023-12-03T14:48:31 IST" skipped="0">
  <testcase classname="sqlTests.DBTest" name="getnumberOfItemByCellID" time="0.011"/>
  <testcase classname="sqlTests.DBTest" name="getRowIDByITemName" time="0.020"/>
  <testcase classname="sqlTests.DBTest" name="getCellIDByITemName" time="0.082"/>
  <testcase classname="sqlTests.DBTest" name="getRowIDByITemNameTest" time="0.015"/>
</testsuite> <!-- sqlTests.DBTest -->
