<?xml version="1.0" encoding="UTF-8"?>
<!-- Generated by org.testng.reporters.JUnitReportReporter -->
<testsuite hostname="DESKTOP-OMV2D25" failures="0" tests="1" name="utils.ExcelCode2" time="1.034" errors="0" timestamp="2023-12-05T14:52:41 IST" skipped="0">
  <testcase classname="utils.ExcelCode2" name="writeExcel" time="1.034"/>
</testsuite> <!-- utils.ExcelCode2 -->
